<?xml version="1.0" encoding="UTF-8"?>
<!-- Generated by org.testng.reporters.JUnitXMLReporter -->
<testsuite hostname="QA102" ignored="1" name="Test" tests="3" failures="2" timestamp="28 May 2018 13:20:43 GMT" time="3.133" errors="0">
  <testcase name="DistologyLogin" time="3.086" classname="Distology.LoginTest"/>
  <testcase name="customerCreate" time="0.004" classname="Distology.Customer">
    <failure type="java.lang.NullPointerException">
      <![CDATA[java.lang.NullPointerException
at pageObjectModel.CustomerPage.openPanel(CustomerPage.java:23)
at Distology.Customer.customerCreate(Customer.java:14)
... Removed 25 stack frames]]>
    </failure>
  </testcase> <!-- customerCreate -->
  <testcase name="DistologyLogin" time="0.006" classname="Distology.LoginTest">
    <failure type="java.lang.NullPointerException">
      <![CDATA[java.lang.NullPointerException
at Distology.LoginTest.DistologyLogin(LoginTest.java:12)
... Removed 25 stack frames]]>
    </failure>
  </testcase> <!-- DistologyLogin -->
  <testcase name="@BeforeSuite initialize" time="0.0" classname="Distology.Base">
    <ignored/>
  </testcase> <!-- @BeforeSuite initialize -->
</testsuite> <!-- Test -->
