<?xml version="1.0" encoding="UTF-8"?>
<!-- Generated by org.testng.reporters.JUnitXMLReporter -->
<testsuite hostname="QA102" ignored="0" name="Test" tests="4" failures="0" timestamp="01 Jun 2018 09:38:11 GMT" time="61.532" errors="0">
  <testcase name="customerNavigate" time="29.226" classname="Distology.customerNavigate"/>
  <testcase name="customerValidations" time="1.12" classname="Distology.customerNavigate"/>
  <testcase name="vendorNavigate" time="29.885" classname="Distology.VendorNavigate"/>
  <testcase name="addVendor" time="1.23" classname="Distology.VendorNavigate"/>
</testsuite> <!-- Test -->
