<?xml version="1.0" encoding="UTF-8"?>
<!-- Generated by org.testng.reporters.JUnitXMLReporter -->
<testsuite hostname="QA102" ignored="1" name="Test" tests="6" failures="0" timestamp="06 Jul 2018 07:10:58 GMT" time="183.561" errors="0">
  <testcase name="customerNavigate" time="36.302" classname="Distology.customerNavigate"/>
  <testcase name="customerValidations" time="1.757" classname="Distology.customerNavigate"/>
  <testcase name="vendorNavigate" time="39.628" classname="Distology.VendorNavigate"/>
  <testcase name="getVendor" time="2.012" classname="Distology.VendorNavigate"/>
  <testcase name="addMasterPlatform" time="48.248" classname="Distology.AddPlatform"/>
  <testcase name="addMasterLicense" time="55.58" classname="Distology.AddLicense"/>
  <testcase name="addVendor" time="0.0" classname="Distology.VendorNavigate">
    <ignored/>
  </testcase> <!-- addVendor -->
</testsuite> <!-- Test -->
