<?xml version="1.0" encoding="UTF-8"?>
<testng-results skipped="0" failed="0" ignored="0" total="1" passed="1">
  <reporter-output>
  </reporter-output>
  <suite name="Default suite" duration-ms="20801" started-at="2018-07-13T07:52:39Z" finished-at="2018-07-13T07:53:00Z">
    <groups>
    </groups>
    <test name="Default test" duration-ms="20801" started-at="2018-07-13T07:52:39Z" finished-at="2018-07-13T07:53:00Z">
      <class name="Distology.Customerdata">
        <test-method status="PASS" signature="createCustomer([Ljava.lang.String;)[pri:0, instance:Distology.Customerdata@5542c4ed]" name="createCustomer" duration-ms="19948" started-at="2018-07-13T07:52:40Z" data-provider="CustomerData" finished-at="2018-07-13T07:53:00Z">
          <params>
            <param index="0">
              <value>
                <![CDATA[[Ljava.lang.String;@3bdb2c78]]>
              </value>
            </param>
          </params>
          <reporter-output>
          </reporter-output>
        </test-method> <!-- createCustomer -->
      </class> <!-- Distology.Customerdata -->
    </test> <!-- Default test -->
  </suite> <!-- Default suite -->
</testng-results>
